TN:
SF:src/db/DBconnect.js
FN:9,makeClient
FNF:1
FNH:1
FNDA:6,makeClient
DA:1,1
DA:2,1
DA:3,1
DA:4,1
DA:5,1
DA:6,1
DA:7,1
DA:8,1
DA:9,1
DA:10,1
DA:11,1
DA:12,1
DA:13,1
LF:13
LH:13
BRDA:13,0,0,1
BRDA:9,1,0,6
BRF:2
BRH:2
end_of_record
TN:
SF:src/db/index.js
FNF:0
FNH:0
DA:1,1
DA:2,1
DA:3,1
DA:4,1
DA:5,1
LF:5
LH:5
BRDA:5,0,0,1
BRF:1
BRH:1
end_of_record
TN:
SF:src/db/models.js
FN:1,makeSchoolDb
FN:9,findAll
FN:17,findById
FN:29,findByPostalCode
FN:41,findByAdministrativeDivisions
FN:62,queryDb
FNF:6
FNH:5
FNDA:1,makeSchoolDb
FNDA:4,findAll
FNDA:2,findById
FNDA:2,findByPostalCode
FNDA:0,findByAdministrativeDivisions
FNDA:6,queryDb
DA:1,1
DA:2,1
DA:3,1
DA:4,1
DA:5,1
DA:6,1
DA:7,1
DA:8,1
DA:9,1
DA:10,4
DA:11,4
DA:12,4
DA:13,4
DA:14,4
DA:15,4
DA:16,0
DA:17,1
DA:18,2
DA:19,1
DA:20,1
DA:21,1
DA:22,1
DA:23,1
DA:24,1
DA:25,1
DA:26,1
DA:27,2
DA:28,0
DA:29,1
DA:30,2
DA:31,1
DA:32,1
DA:33,1
DA:34,1
DA:35,1
DA:36,1
DA:37,1
DA:38,1
DA:39,2
DA:40,0
DA:41,1
DA:42,0
DA:43,0
DA:44,0
DA:45,0
DA:46,0
DA:47,0
DA:48,0
DA:49,0
DA:50,0
DA:51,0
DA:52,0
DA:53,0
DA:54,0
DA:55,0
DA:56,0
DA:57,1
DA:58,1
DA:59,1
DA:60,1
DA:61,1
DA:62,6
DA:63,6
DA:64,6
DA:65,6
DA:66,6
DA:67,0
DA:68,6
DA:69,6
DA:70,6
DA:71,6
DA:72,0
LF:72
LH:52
BRDA:72,0,0,1
BRDA:1,1,0,1
BRDA:9,2,0,4
BRDA:15,3,0,0
BRDA:17,4,0,2
BRDA:18,5,0,1
BRDA:27,6,0,0
BRDA:29,7,0,2
BRDA:30,8,0,1
BRDA:39,9,0,0
BRDA:62,10,0,6
BRDA:66,11,0,0
BRDA:71,12,0,0
BRF:13
BRH:8
end_of_record
